{"C:\\Users\\samue\\Downloads\\Projeto-Qualidade-de-Software\\backend\\src\\server.ts": {"path":"C:\\Users\\samue\\Downloads\\Projeto-Qualidade-de-Software\\backend\\src\\server.ts","statementMap":{"0":{"start":{"line":2,"column":0},"end":{"line":2,"column":30}},"1":{"start":{"line":3,"column":0},"end":{"line":3,"column":24}},"2":{"start":{"line":4,"column":0},"end":{"line":4,"column":20}},"3":{"start":{"line":5,"column":0},"end":{"line":5,"column":24}},"4":{"start":{"line":6,"column":0},"end":{"line":6,"column":51}},"5":{"start":{"line":8,"column":12},"end":{"line":8,"column":21}},"6":{"start":{"line":64,"column":9},"end":{"line":64,"column":12}},"7":{"start":{"line":9,"column":0},"end":{"line":9,"column":16}},"8":{"start":{"line":10,"column":0},"end":{"line":10,"column":24}},"9":{"start":{"line":12,"column":16},"end":{"line":12,"column":55}},"10":{"start":{"line":17,"column":2},"end":{"line":21,"column":3}},"11":{"start":{"line":18,"column":20},"end":{"line":18,"column":92}},"12":{"start":{"line":19,"column":4},"end":{"line":19,"column":64}},"13":{"start":{"line":20,"column":4},"end":{"line":20,"column":19}},"14":{"start":{"line":22,"column":2},"end":{"line":22,"column":54}},"15":{"start":{"line":24,"column":26},"end":{"line":24,"column":81}},"16":{"start":{"line":25,"column":11},"end":{"line":25,"column":38}},"17":{"start":{"line":25,"column":17},"end":{"line":25,"column":38}},"18":{"start":{"line":28,"column":2},"end":{"line":28,"column":164}},"19":{"start":{"line":28,"column":51},"end":{"line":28,"column":59}},"20":{"start":{"line":28,"column":74},"end":{"line":28,"column":99}},"21":{"start":{"line":28,"column":101},"end":{"line":28,"column":120}},"22":{"start":{"line":28,"column":121},"end":{"line":28,"column":132}},"23":{"start":{"line":28,"column":133},"end":{"line":28,"column":160}},"24":{"start":{"line":29,"column":2},"end":{"line":29,"column":67}},"25":{"start":{"line":29,"column":39},"end":{"line":29,"column":63}},"26":{"start":{"line":30,"column":2},"end":{"line":30,"column":283}},"27":{"start":{"line":30,"column":54},"end":{"line":30,"column":62}},"28":{"start":{"line":30,"column":74},"end":{"line":30,"column":127}},"29":{"start":{"line":30,"column":104},"end":{"line":30,"column":126}},"30":{"start":{"line":30,"column":129},"end":{"line":30,"column":200}},"31":{"start":{"line":30,"column":143},"end":{"line":30,"column":200}},"32":{"start":{"line":30,"column":201},"end":{"line":30,"column":245}},"33":{"start":{"line":30,"column":246},"end":{"line":30,"column":257}},"34":{"start":{"line":30,"column":258},"end":{"line":30,"column":279}},"35":{"start":{"line":31,"column":2},"end":{"line":31,"column":175}},"36":{"start":{"line":31,"column":57},"end":{"line":31,"column":65}},"37":{"start":{"line":31,"column":67},"end":{"line":31,"column":135}},"38":{"start":{"line":31,"column":104},"end":{"line":31,"column":126}},"39":{"start":{"line":31,"column":136},"end":{"line":31,"column":147}},"40":{"start":{"line":31,"column":148},"end":{"line":31,"column":171}},"41":{"start":{"line":34,"column":0},"end":{"line":34,"column":39}},"42":{"start":{"line":35,"column":0},"end":{"line":35,"column":35}},"43":{"start":{"line":36,"column":0},"end":{"line":36,"column":31}},"44":{"start":{"line":37,"column":0},"end":{"line":37,"column":33}},"45":{"start":{"line":38,"column":0},"end":{"line":38,"column":37}},"46":{"start":{"line":40,"column":0},"end":{"line":40,"column":88}},"47":{"start":{"line":40,"column":49},"end":{"line":40,"column":86}},"48":{"start":{"line":41,"column":0},"end":{"line":41,"column":92}},"49":{"start":{"line":41,"column":51},"end":{"line":41,"column":90}},"50":{"start":{"line":42,"column":0},"end":{"line":42,"column":102}},"51":{"start":{"line":42,"column":52},"end":{"line":42,"column":100}},"52":{"start":{"line":43,"column":0},"end":{"line":43,"column":90}},"53":{"start":{"line":43,"column":50},"end":{"line":43,"column":88}},"54":{"start":{"line":44,"column":0},"end":{"line":44,"column":96}},"55":{"start":{"line":44,"column":53},"end":{"line":44,"column":94}},"56":{"start":{"line":45,"column":0},"end":{"line":61,"column":3}},"57":{"start":{"line":46,"column":2},"end":{"line":60,"column":5}},"58":{"start":{"line":63,"column":0},"end":{"line":63,"column":86}},"59":{"start":{"line":63,"column":33},"end":{"line":63,"column":86}},"60":{"start":{"line":63,"column":56},"end":{"line":63,"column":84}}},"fnMap":{"0":{"name":"loadDB","decl":{"start":{"line":16,"column":9},"end":{"line":16,"column":15}},"loc":{"start":{"line":16,"column":15},"end":{"line":23,"column":1}}},"1":{"name":"saveDB","decl":{"start":{"line":24,"column":9},"end":{"line":24,"column":15}},"loc":{"start":{"line":24,"column":22},"end":{"line":24,"column":83}}},"2":{"name":"(anonymous_3)","decl":{"start":{"line":25,"column":11},"end":{"line":25,"column":14}},"loc":{"start":{"line":25,"column":17},"end":{"line":25,"column":38}}},"3":{"name":"crudRoutes","decl":{"start":{"line":27,"column":9},"end":{"line":27,"column":19}},"loc":{"start":{"line":27,"column":48},"end":{"line":32,"column":1}}},"4":{"name":"(anonymous_5)","decl":{"start":{"line":28,"column":24},"end":{"line":28,"column":25}},"loc":{"start":{"line":28,"column":37},"end":{"line":28,"column":162}}},"5":{"name":"(anonymous_6)","decl":{"start":{"line":29,"column":23},"end":{"line":29,"column":24}},"loc":{"start":{"line":29,"column":36},"end":{"line":29,"column":65}}},"6":{"name":"(anonymous_7)","decl":{"start":{"line":30,"column":27},"end":{"line":30,"column":28}},"loc":{"start":{"line":30,"column":40},"end":{"line":30,"column":281}}},"7":{"name":"(anonymous_8)","decl":{"start":{"line":30,"column":92},"end":{"line":30,"column":93}},"loc":{"start":{"line":30,"column":104},"end":{"line":30,"column":126}}},"8":{"name":"(anonymous_9)","decl":{"start":{"line":31,"column":30},"end":{"line":31,"column":31}},"loc":{"start":{"line":31,"column":43},"end":{"line":31,"column":173}}},"9":{"name":"(anonymous_10)","decl":{"start":{"line":31,"column":92},"end":{"line":31,"column":93}},"loc":{"start":{"line":31,"column":104},"end":{"line":31,"column":126}}},"10":{"name":"(anonymous_11)","decl":{"start":{"line":40,"column":31},"end":{"line":40,"column":36}},"loc":{"start":{"line":40,"column":49},"end":{"line":40,"column":86}}},"11":{"name":"(anonymous_12)","decl":{"start":{"line":41,"column":33},"end":{"line":41,"column":38}},"loc":{"start":{"line":41,"column":51},"end":{"line":41,"column":90}}},"12":{"name":"(anonymous_13)","decl":{"start":{"line":42,"column":34},"end":{"line":42,"column":39}},"loc":{"start":{"line":42,"column":52},"end":{"line":42,"column":100}}},"13":{"name":"(anonymous_14)","decl":{"start":{"line":43,"column":32},"end":{"line":43,"column":37}},"loc":{"start":{"line":43,"column":50},"end":{"line":43,"column":88}}},"14":{"name":"(anonymous_15)","decl":{"start":{"line":44,"column":35},"end":{"line":44,"column":40}},"loc":{"start":{"line":44,"column":53},"end":{"line":44,"column":94}}},"15":{"name":"(anonymous_16)","decl":{"start":{"line":45,"column":13},"end":{"line":45,"column":14}},"loc":{"start":{"line":45,"column":24},"end":{"line":61,"column":1}}},"16":{"name":"(anonymous_17)","decl":{"start":{"line":63,"column":50},"end":{"line":63,"column":53}},"loc":{"start":{"line":63,"column":56},"end":{"line":63,"column":84}}}},"branchMap":{"0":{"loc":{"start":{"line":17,"column":2},"end":{"line":21,"column":3}},"type":"if","locations":[{"start":{"line":17,"column":2},"end":{"line":21,"column":3}},{"start":{},"end":{}}]},"1":{"loc":{"start":{"line":30,"column":129},"end":{"line":30,"column":200}},"type":"if","locations":[{"start":{"line":30,"column":129},"end":{"line":30,"column":200}},{"start":{},"end":{}}]},"2":{"loc":{"start":{"line":63,"column":0},"end":{"line":63,"column":86}},"type":"if","locations":[{"start":{"line":63,"column":0},"end":{"line":63,"column":86}},{"start":{},"end":{}}]}},"s":{"0":2,"1":2,"2":2,"3":2,"4":2,"5":2,"6":2,"7":2,"8":2,"9":2,"10":15,"11":0,"12":0,"13":0,"14":15,"15":10,"16":2,"17":8,"18":10,"19":8,"20":8,"21":8,"22":8,"23":8,"24":10,"25":2,"26":10,"27":3,"28":3,"29":1,"30":3,"31":2,"32":1,"33":1,"34":1,"35":10,"36":2,"37":1,"38":0,"39":1,"40":1,"41":2,"42":2,"43":2,"44":2,"45":2,"46":2,"47":1,"48":2,"49":1,"50":2,"51":1,"52":2,"53":0,"54":2,"55":0,"56":2,"57":0,"58":2,"59":0,"60":0},"f":{"0":15,"1":10,"2":8,"3":10,"4":8,"5":2,"6":3,"7":1,"8":2,"9":0,"10":1,"11":1,"12":1,"13":0,"14":0,"15":0,"16":0},"b":{"0":[0,15],"1":[2,1],"2":[0,2]}}
,"C:\\Users\\samue\\Downloads\\Projeto-Qualidade-de-Software\\backend\\src\\services\\dndService.ts": {"path":"C:\\Users\\samue\\Downloads\\Projeto-Qualidade-de-Software\\backend\\src\\services\\dndService.ts","statementMap":{"0":{"start":{"line":1,"column":0},"end":{"line":1,"column":26}},"1":{"start":{"line":3,"column":15},"end":{"line":5,"column":2}},"2":{"start":{"line":7,"column":13},"end":{"line":28,"column":2}},"3":{"start":{"line":9,"column":21},"end":{"line":9,"column":47}},"4":{"start":{"line":10,"column":4},"end":{"line":10,"column":25}},"5":{"start":{"line":13,"column":21},"end":{"line":13,"column":49}},"6":{"start":{"line":14,"column":4},"end":{"line":14,"column":25}},"7":{"start":{"line":17,"column":21},"end":{"line":17,"column":50}},"8":{"start":{"line":18,"column":4},"end":{"line":18,"column":25}},"9":{"start":{"line":21,"column":21},"end":{"line":21,"column":48}},"10":{"start":{"line":22,"column":4},"end":{"line":22,"column":25}},"11":{"start":{"line":25,"column":21},"end":{"line":25,"column":51}},"12":{"start":{"line":26,"column":4},"end":{"line":26,"column":25}}},"fnMap":{"0":{"name":"(anonymous_1)","decl":{"start":{"line":8,"column":2},"end":{"line":8,"column":7}},"loc":{"start":{"line":8,"column":16},"end":{"line":11,"column":3}}},"1":{"name":"(anonymous_2)","decl":{"start":{"line":12,"column":2},"end":{"line":12,"column":7}},"loc":{"start":{"line":12,"column":18},"end":{"line":15,"column":3}}},"2":{"name":"(anonymous_3)","decl":{"start":{"line":16,"column":2},"end":{"line":16,"column":7}},"loc":{"start":{"line":16,"column":27},"end":{"line":19,"column":3}}},"3":{"name":"(anonymous_4)","decl":{"start":{"line":20,"column":2},"end":{"line":20,"column":7}},"loc":{"start":{"line":20,"column":17},"end":{"line":23,"column":3}}},"4":{"name":"(anonymous_5)","decl":{"start":{"line":24,"column":2},"end":{"line":24,"column":7}},"loc":{"start":{"line":24,"column":20},"end":{"line":27,"column":3}}}},"branchMap":{},"s":{"0":3,"1":3,"2":3,"3":2,"4":2,"5":2,"6":2,"7":2,"8":2,"9":0,"10":0,"11":0,"12":0},"f":{"0":2,"1":2,"2":2,"3":0,"4":0},"b":{}}
,"C:\\Users\\samue\\Downloads\\Projeto-Qualidade-de-Software\\backend\\src\\utils\\validators.ts": {"path":"C:\\Users\\samue\\Downloads\\Projeto-Qualidade-de-Software\\backend\\src\\utils\\validators.ts","statementMap":{"0":{"start":{"line":2,"column":0},"end":{"line":2,"column":16}},"1":{"start":{"line":18,"column":0},"end":{"line":18,"column":16}},"2":{"start":{"line":30,"column":0},"end":{"line":30,"column":16}},"3":{"start":{"line":35,"column":0},"end":{"line":35,"column":16}},"4":{"start":{"line":3,"column":21},"end":{"line":3,"column":49}},"5":{"start":{"line":4,"column":2},"end":{"line":4,"column":32}},"6":{"start":{"line":19,"column":2},"end":{"line":26,"column":4}},"7":{"start":{"line":31,"column":2},"end":{"line":31,"column":30}},"8":{"start":{"line":36,"column":2},"end":{"line":36,"column":41}}},"fnMap":{"0":{"name":"isValidEmail","decl":{"start":{"line":2,"column":16},"end":{"line":2,"column":28}},"loc":{"start":{"line":2,"column":42},"end":{"line":5,"column":1}}},"1":{"name":"somarAtributos","decl":{"start":{"line":18,"column":16},"end":{"line":18,"column":30}},"loc":{"start":{"line":18,"column":51},"end":{"line":27,"column":1}}},"2":{"name":"isValidPassword","decl":{"start":{"line":30,"column":16},"end":{"line":30,"column":31}},"loc":{"start":{"line":30,"column":48},"end":{"line":32,"column":1}}},"3":{"name":"calcularModificador","decl":{"start":{"line":35,"column":16},"end":{"line":35,"column":35}},"loc":{"start":{"line":35,"column":52},"end":{"line":37,"column":1}}}},"branchMap":{},"s":{"0":1,"1":1,"2":1,"3":1,"4":2,"5":2,"6":1,"7":0,"8":0},"f":{"0":2,"1":1,"2":0,"3":0},"b":{}}
}
