{"C:\\argo 24070317\\Projeto-Qualidade-de-Software\\backend\\src\\server.ts": {"path":"C:\\argo 24070317\\Projeto-Qualidade-de-Software\\backend\\src\\server.ts","statementMap":{"0":{"start":{"line":1,"column":0},"end":{"line":1,"column":30}},"1":{"start":{"line":2,"column":0},"end":{"line":2,"column":43}},"2":{"start":{"line":3,"column":0},"end":{"line":3,"column":51}},"3":{"start":{"line":5,"column":12},"end":{"line":5,"column":21}},"4":{"start":{"line":155,"column":9},"end":{"line":155,"column":12}},"5":{"start":{"line":6,"column":0},"end":{"line":6,"column":24}},"6":{"start":{"line":13,"column":0},"end":{"line":25,"column":3}},"7":{"start":{"line":14,"column":2},"end":{"line":24,"column":3}},"8":{"start":{"line":15,"column":85},"end":{"line":15,"column":93}},"9":{"start":{"line":17,"column":22},"end":{"line":19,"column":6}},"10":{"start":{"line":21,"column":4},"end":{"line":21,"column":36}},"11":{"start":{"line":23,"column":4},"end":{"line":23,"column":64}},"12":{"start":{"line":28,"column":0},"end":{"line":31,"column":3}},"13":{"start":{"line":29,"column":21},"end":{"line":29,"column":54}},"14":{"start":{"line":30,"column":2},"end":{"line":30,"column":23}},"15":{"start":{"line":34,"column":0},"end":{"line":47,"column":3}},"16":{"start":{"line":35,"column":2},"end":{"line":46,"column":3}},"17":{"start":{"line":36,"column":19},"end":{"line":36,"column":29}},"18":{"start":{"line":37,"column":17},"end":{"line":37,"column":25}},"19":{"start":{"line":39,"column":20},"end":{"line":42,"column":6}},"20":{"start":{"line":43,"column":4},"end":{"line":43,"column":22}},"21":{"start":{"line":45,"column":4},"end":{"line":45,"column":68}},"22":{"start":{"line":50,"column":0},"end":{"line":58,"column":3}},"23":{"start":{"line":51,"column":2},"end":{"line":57,"column":3}},"24":{"start":{"line":52,"column":19},"end":{"line":52,"column":29}},"25":{"start":{"line":53,"column":4},"end":{"line":53,"column":53}},"26":{"start":{"line":54,"column":4},"end":{"line":54,"column":27}},"27":{"start":{"line":56,"column":4},"end":{"line":56,"column":66}},"28":{"start":{"line":66,"column":0},"end":{"line":78,"column":3}},"29":{"start":{"line":67,"column":2},"end":{"line":77,"column":3}},"30":{"start":{"line":68,"column":60},"end":{"line":68,"column":68}},"31":{"start":{"line":70,"column":20},"end":{"line":72,"column":6}},"32":{"start":{"line":74,"column":4},"end":{"line":74,"column":34}},"33":{"start":{"line":76,"column":4},"end":{"line":76,"column":61}},"34":{"start":{"line":81,"column":0},"end":{"line":84,"column":3}},"35":{"start":{"line":82,"column":19},"end":{"line":82,"column":58}},"36":{"start":{"line":83,"column":2},"end":{"line":83,"column":21}},"37":{"start":{"line":87,"column":0},"end":{"line":100,"column":3}},"38":{"start":{"line":88,"column":2},"end":{"line":99,"column":3}},"39":{"start":{"line":89,"column":19},"end":{"line":89,"column":29}},"40":{"start":{"line":90,"column":17},"end":{"line":90,"column":25}},"41":{"start":{"line":92,"column":20},"end":{"line":95,"column":6}},"42":{"start":{"line":96,"column":4},"end":{"line":96,"column":22}},"43":{"start":{"line":98,"column":4},"end":{"line":98,"column":65}},"44":{"start":{"line":103,"column":0},"end":{"line":111,"column":3}},"45":{"start":{"line":104,"column":2},"end":{"line":110,"column":3}},"46":{"start":{"line":105,"column":19},"end":{"line":105,"column":29}},"47":{"start":{"line":106,"column":4},"end":{"line":106,"column":59}},"48":{"start":{"line":107,"column":4},"end":{"line":107,"column":27}},"49":{"start":{"line":109,"column":4},"end":{"line":109,"column":63}},"50":{"start":{"line":115,"column":0},"end":{"line":119,"column":1}},"51":{"start":{"line":116,"column":2},"end":{"line":118,"column":5}},"52":{"start":{"line":117,"column":4},"end":{"line":117,"column":66}},"53":{"start":{"line":126,"column":0},"end":{"line":133,"column":3}},"54":{"start":{"line":127,"column":2},"end":{"line":132,"column":3}},"55":{"start":{"line":128,"column":18},"end":{"line":128,"column":45}},"56":{"start":{"line":129,"column":4},"end":{"line":129,"column":20}},"57":{"start":{"line":131,"column":4},"end":{"line":131,"column":82}},"58":{"start":{"line":136,"column":0},"end":{"line":143,"column":3}},"59":{"start":{"line":137,"column":2},"end":{"line":142,"column":3}},"60":{"start":{"line":138,"column":20},"end":{"line":138,"column":49}},"61":{"start":{"line":139,"column":4},"end":{"line":139,"column":22}},"62":{"start":{"line":141,"column":4},"end":{"line":141,"column":84}},"63":{"start":{"line":146,"column":0},"end":{"line":153,"column":3}},"64":{"start":{"line":147,"column":2},"end":{"line":152,"column":3}},"65":{"start":{"line":148,"column":21},"end":{"line":148,"column":59}},"66":{"start":{"line":149,"column":4},"end":{"line":149,"column":23}},"67":{"start":{"line":151,"column":4},"end":{"line":151,"column":85}}},"fnMap":{"0":{"name":"(anonymous_1)","decl":{"start":{"line":13,"column":24},"end":{"line":13,"column":29}},"loc":{"start":{"line":13,"column":43},"end":{"line":25,"column":1}}},"1":{"name":"(anonymous_2)","decl":{"start":{"line":28,"column":23},"end":{"line":28,"column":28}},"loc":{"start":{"line":28,"column":42},"end":{"line":31,"column":1}}},"2":{"name":"(anonymous_3)","decl":{"start":{"line":34,"column":27},"end":{"line":34,"column":32}},"loc":{"start":{"line":34,"column":46},"end":{"line":47,"column":1}}},"3":{"name":"(anonymous_4)","decl":{"start":{"line":50,"column":30},"end":{"line":50,"column":35}},"loc":{"start":{"line":50,"column":49},"end":{"line":58,"column":1}}},"4":{"name":"(anonymous_5)","decl":{"start":{"line":66,"column":22},"end":{"line":66,"column":27}},"loc":{"start":{"line":66,"column":41},"end":{"line":78,"column":1}}},"5":{"name":"(anonymous_6)","decl":{"start":{"line":81,"column":21},"end":{"line":81,"column":26}},"loc":{"start":{"line":81,"column":40},"end":{"line":84,"column":1}}},"6":{"name":"(anonymous_7)","decl":{"start":{"line":87,"column":25},"end":{"line":87,"column":30}},"loc":{"start":{"line":87,"column":44},"end":{"line":100,"column":1}}},"7":{"name":"(anonymous_8)","decl":{"start":{"line":103,"column":28},"end":{"line":103,"column":33}},"loc":{"start":{"line":103,"column":47},"end":{"line":111,"column":1}}},"8":{"name":"(anonymous_9)","decl":{"start":{"line":116,"column":19},"end":{"line":116,"column":22}},"loc":{"start":{"line":116,"column":24},"end":{"line":118,"column":3}}},"9":{"name":"(anonymous_10)","decl":{"start":{"line":126,"column":31},"end":{"line":126,"column":36}},"loc":{"start":{"line":126,"column":50},"end":{"line":133,"column":1}}},"10":{"name":"(anonymous_11)","decl":{"start":{"line":136,"column":33},"end":{"line":136,"column":38}},"loc":{"start":{"line":136,"column":52},"end":{"line":143,"column":1}}},"11":{"name":"(anonymous_12)","decl":{"start":{"line":146,"column":34},"end":{"line":146,"column":39}},"loc":{"start":{"line":146,"column":53},"end":{"line":153,"column":1}}}},"branchMap":{"0":{"loc":{"start":{"line":115,"column":0},"end":{"line":119,"column":1}},"type":"if","locations":[{"start":{"line":115,"column":0},"end":{"line":119,"column":1}},{"start":{},"end":{}}]}},"s":{"0":2,"1":2,"2":2,"3":2,"4":2,"5":2,"6":2,"7":2,"8":2,"9":2,"10":1,"11":1,"12":2,"13":1,"14":1,"15":2,"16":1,"17":1,"18":1,"19":1,"20":1,"21":0,"22":2,"23":1,"24":1,"25":1,"26":1,"27":0,"28":2,"29":1,"30":1,"31":1,"32":1,"33":0,"34":2,"35":1,"36":1,"37":2,"38":0,"39":0,"40":0,"41":0,"42":0,"43":0,"44":2,"45":0,"46":0,"47":0,"48":0,"49":0,"50":2,"51":0,"52":0,"53":2,"54":1,"55":1,"56":1,"57":0,"58":2,"59":1,"60":1,"61":1,"62":0,"63":2,"64":1,"65":1,"66":1,"67":0},"f":{"0":2,"1":1,"2":1,"3":1,"4":1,"5":1,"6":0,"7":0,"8":0,"9":1,"10":1,"11":1},"b":{"0":[0,2]}}
,"C:\\argo 24070317\\Projeto-Qualidade-de-Software\\backend\\src\\database\\prisma.ts": {"path":"C:\\argo 24070317\\Projeto-Qualidade-de-Software\\backend\\src\\database\\prisma.ts","statementMap":{"0":{"start":{"line":1,"column":0},"end":{"line":1,"column":46}},"1":{"start":{"line":2,"column":0},"end":{"line":2,"column":46}},"2":{"start":{"line":3,"column":0},"end":{"line":3,"column":20}},"3":{"start":{"line":4,"column":0},"end":{"line":4,"column":23}},"4":{"start":{"line":7,"column":13},"end":{"line":7,"column":72}},"5":{"start":{"line":10,"column":16},"end":{"line":10,"column":34}},"6":{"start":{"line":13,"column":13},"end":{"line":13,"column":52}}},"fnMap":{},"branchMap":{},"s":{"0":2,"1":2,"2":2,"3":2,"4":2,"5":2,"6":2},"f":{},"b":{}}
,"C:\\argo 24070317\\Projeto-Qualidade-de-Software\\backend\\src\\services\\dndService.ts": {"path":"C:\\argo 24070317\\Projeto-Qualidade-de-Software\\backend\\src\\services\\dndService.ts","statementMap":{"0":{"start":{"line":1,"column":0},"end":{"line":1,"column":26}},"1":{"start":{"line":4,"column":15},"end":{"line":6,"column":2}},"2":{"start":{"line":8,"column":13},"end":{"line":26,"column":2}},"3":{"start":{"line":11,"column":21},"end":{"line":11,"column":47}},"4":{"start":{"line":12,"column":4},"end":{"line":12,"column":25}},"5":{"start":{"line":17,"column":21},"end":{"line":17,"column":49}},"6":{"start":{"line":18,"column":4},"end":{"line":18,"column":25}},"7":{"start":{"line":23,"column":21},"end":{"line":23,"column":50}},"8":{"start":{"line":24,"column":4},"end":{"line":24,"column":25}}},"fnMap":{"0":{"name":"(anonymous_1)","decl":{"start":{"line":10,"column":2},"end":{"line":10,"column":7}},"loc":{"start":{"line":10,"column":16},"end":{"line":13,"column":3}}},"1":{"name":"(anonymous_2)","decl":{"start":{"line":16,"column":2},"end":{"line":16,"column":7}},"loc":{"start":{"line":16,"column":18},"end":{"line":19,"column":3}}},"2":{"name":"(anonymous_3)","decl":{"start":{"line":22,"column":2},"end":{"line":22,"column":7}},"loc":{"start":{"line":22,"column":27},"end":{"line":25,"column":3}}}},"branchMap":{},"s":{"0":3,"1":3,"2":3,"3":2,"4":2,"5":2,"6":2,"7":2,"8":2},"f":{"0":2,"1":2,"2":2},"b":{}}
,"C:\\argo 24070317\\Projeto-Qualidade-de-Software\\backend\\src\\utils\\validators.ts": {"path":"C:\\argo 24070317\\Projeto-Qualidade-de-Software\\backend\\src\\utils\\validators.ts","statementMap":{"0":{"start":{"line":2,"column":0},"end":{"line":2,"column":16}},"1":{"start":{"line":18,"column":0},"end":{"line":18,"column":16}},"2":{"start":{"line":3,"column":21},"end":{"line":3,"column":49}},"3":{"start":{"line":4,"column":2},"end":{"line":4,"column":32}},"4":{"start":{"line":19,"column":2},"end":{"line":26,"column":4}}},"fnMap":{"0":{"name":"isValidEmail","decl":{"start":{"line":2,"column":16},"end":{"line":2,"column":28}},"loc":{"start":{"line":2,"column":42},"end":{"line":5,"column":1}}},"1":{"name":"somarAtributos","decl":{"start":{"line":18,"column":16},"end":{"line":18,"column":30}},"loc":{"start":{"line":18,"column":51},"end":{"line":27,"column":1}}}},"branchMap":{},"s":{"0":1,"1":1,"2":2,"3":2,"4":1},"f":{"0":2,"1":1},"b":{}}
}
