TN:
SF:src\server.ts
FN:16,loadDB
FN:24,saveDB
FN:25,(anonymous_3)
FN:27,crudRoutes
FN:28,(anonymous_5)
FN:29,(anonymous_6)
FN:30,(anonymous_7)
FN:30,(anonymous_8)
FN:31,(anonymous_9)
FN:31,(anonymous_10)
FN:40,(anonymous_11)
FN:41,(anonymous_12)
FN:42,(anonymous_13)
FN:43,(anonymous_14)
FN:44,(anonymous_15)
FN:45,(anonymous_16)
FN:63,(anonymous_17)
FNF:17
FNH:12
FNDA:15,loadDB
FNDA:10,saveDB
FNDA:8,(anonymous_3)
FNDA:10,crudRoutes
FNDA:8,(anonymous_5)
FNDA:2,(anonymous_6)
FNDA:3,(anonymous_7)
FNDA:1,(anonymous_8)
FNDA:2,(anonymous_9)
FNDA:0,(anonymous_10)
FNDA:1,(anonymous_11)
FNDA:1,(anonymous_12)
FNDA:1,(anonymous_13)
FNDA:0,(anonymous_14)
FNDA:0,(anonymous_15)
FNDA:0,(anonymous_16)
FNDA:0,(anonymous_17)
DA:2,2
DA:3,2
DA:4,2
DA:5,2
DA:6,2
DA:8,2
DA:9,2
DA:10,2
DA:12,2
DA:17,15
DA:18,0
DA:19,0
DA:20,0
DA:22,15
DA:24,10
DA:25,8
DA:28,10
DA:29,10
DA:30,10
DA:31,10
DA:34,2
DA:35,2
DA:36,2
DA:37,2
DA:38,2
DA:40,2
DA:41,2
DA:42,2
DA:43,2
DA:44,2
DA:45,2
DA:46,0
DA:63,2
DA:64,2
LF:34
LH:30
BRDA:17,0,0,0
BRDA:17,0,1,15
BRDA:30,1,0,2
BRDA:30,1,1,1
BRDA:63,2,0,0
BRDA:63,2,1,2
BRF:6
BRH:4
end_of_record
TN:
SF:src\services\dndService.ts
FN:8,(anonymous_1)
FN:12,(anonymous_2)
FN:16,(anonymous_3)
FN:20,(anonymous_4)
FN:24,(anonymous_5)
FNF:5
FNH:3
FNDA:2,(anonymous_1)
FNDA:2,(anonymous_2)
FNDA:2,(anonymous_3)
FNDA:0,(anonymous_4)
FNDA:0,(anonymous_5)
DA:1,3
DA:3,3
DA:7,3
DA:9,2
DA:10,2
DA:13,2
DA:14,2
DA:17,2
DA:18,2
DA:21,0
DA:22,0
DA:25,0
DA:26,0
LF:13
LH:9
BRF:0
BRH:0
end_of_record
TN:
SF:src\utils\validators.ts
FN:2,isValidEmail
FN:18,somarAtributos
FN:30,isValidPassword
FN:35,calcularModificador
FNF:4
FNH:2
FNDA:2,isValidEmail
FNDA:1,somarAtributos
FNDA:0,isValidPassword
FNDA:0,calcularModificador
DA:2,1
DA:3,2
DA:4,2
DA:18,1
DA:19,1
DA:30,1
DA:31,0
DA:35,1
DA:36,0
LF:9
LH:7
BRF:0
BRH:0
end_of_record
