TN:
SF:src\server.ts
FN:13,(anonymous_1)
FN:28,(anonymous_2)
FN:34,(anonymous_3)
FN:50,(anonymous_4)
FN:66,(anonymous_5)
FN:81,(anonymous_6)
FN:87,(anonymous_7)
FN:103,(anonymous_8)
FN:116,(anonymous_9)
FN:126,(anonymous_10)
FN:136,(anonymous_11)
FN:146,(anonymous_12)
FNF:12
FNH:9
FNDA:2,(anonymous_1)
FNDA:1,(anonymous_2)
FNDA:1,(anonymous_3)
FNDA:1,(anonymous_4)
FNDA:1,(anonymous_5)
FNDA:1,(anonymous_6)
FNDA:0,(anonymous_7)
FNDA:0,(anonymous_8)
FNDA:0,(anonymous_9)
FNDA:1,(anonymous_10)
FNDA:1,(anonymous_11)
FNDA:1,(anonymous_12)
DA:1,2
DA:2,2
DA:3,2
DA:5,2
DA:6,2
DA:13,2
DA:14,2
DA:15,2
DA:17,2
DA:21,1
DA:23,1
DA:28,2
DA:29,1
DA:30,1
DA:34,2
DA:35,1
DA:36,1
DA:37,1
DA:39,1
DA:43,1
DA:45,0
DA:50,2
DA:51,1
DA:52,1
DA:53,1
DA:54,1
DA:56,0
DA:66,2
DA:67,1
DA:68,1
DA:70,1
DA:74,1
DA:76,0
DA:81,2
DA:82,1
DA:83,1
DA:87,2
DA:88,0
DA:89,0
DA:90,0
DA:92,0
DA:96,0
DA:98,0
DA:103,2
DA:104,0
DA:105,0
DA:106,0
DA:107,0
DA:109,0
DA:115,2
DA:116,0
DA:117,0
DA:126,2
DA:127,1
DA:128,1
DA:129,1
DA:131,0
DA:136,2
DA:137,1
DA:138,1
DA:139,1
DA:141,0
DA:146,2
DA:147,1
DA:148,1
DA:149,1
DA:151,0
DA:155,2
LF:68
LH:49
BRDA:115,0,0,0
BRDA:115,0,1,2
BRF:2
BRH:1
end_of_record
TN:
SF:src\database\prisma.ts
FNF:0
FNH:0
DA:1,2
DA:2,2
DA:3,2
DA:4,2
DA:7,2
DA:10,2
DA:13,2
LF:7
LH:7
BRF:0
BRH:0
end_of_record
TN:
SF:src\services\dndService.ts
FN:10,(anonymous_1)
FN:16,(anonymous_2)
FN:22,(anonymous_3)
FNF:3
FNH:3
FNDA:2,(anonymous_1)
FNDA:2,(anonymous_2)
FNDA:2,(anonymous_3)
DA:1,3
DA:4,3
DA:8,3
DA:11,2
DA:12,2
DA:17,2
DA:18,2
DA:23,2
DA:24,2
LF:9
LH:9
BRF:0
BRH:0
end_of_record
TN:
SF:src\utils\validators.ts
FN:2,isValidEmail
FN:18,somarAtributos
FNF:2
FNH:2
FNDA:2,isValidEmail
FNDA:1,somarAtributos
DA:2,1
DA:3,2
DA:4,2
DA:18,1
DA:19,1
LF:5
LH:5
BRF:0
BRH:0
end_of_record
